Physical memory: 66556K available, base = 640K, extended = 65532K
check_page_alloc() succeeded!
check_page() succeeded!
check_four_pages() succeeded!
check_kern_pgdir() succeeded!
check_page_installed_pgdir() succeeded!
[00000000] new env 00001000
FLAG
IN RING0!!!
Incoming TRAP frame at 0xefbfffbc
[00001000] user fault va f010000a ip 00800037
TRAP frame at 0xf01ab000
  edi  0x00000000
  esi  0x00000000
  ebp  0xeebfdfb0
  oesp 0xefbfffdc
  ebx  0x00000000
  edx  0x0000ffff
  ecx  0x00cff300
  eax  0x00802320
  es   0x----0010
  ds   0x----0023
  trap 0x0000000e Page Fault
  cr2  0xf010000a
  err  0x00000007 [user, write, protection]
  eip  0x00800037
  cs   0x----001b
  flag 0x00000002
  esp  0xeebfdfb0
  ss   0x----0023
[00001000] free env 00001000
Destroyed the only environment - nothing more to do!
Welcome to the JOS kernel monitor!
Type 'help' for a list of commands.
